TN:
SF:app/layout.tsx
FN:9,RootLayout
FNF:1
FNH:0
FNDA:0,RootLayout
DA:1,0
DA:4,0
DA:9,0
LF:3
LH:0
BRF:0
BRH:0
end_of_record
TN:
SF:app/components/MetricsDashboard.tsx
FN:10,MetricsDashboard
FN:43,(anonymous_3)
FNF:2
FNH:0
FNDA:0,MetricsDashboard
FNDA:0,(anonymous_3)
DA:3,0
DA:10,0
DA:44,0
LF:3
LH:0
BRF:0
BRH:0
end_of_record
TN:
SF:app/lib/api.ts
FN:15,(anonymous_2)
FN:21,(anonymous_3)
FN:26,(anonymous_4)
FN:31,(anonymous_5)
FN:37,(anonymous_6)
FN:43,(anonymous_7)
FN:49,(anonymous_8)
FN:55,(anonymous_9)
FN:60,(anonymous_10)
FNF:9
FNH:9
FNDA:2,(anonymous_2)
FNDA:5,(anonymous_3)
FNDA:2,(anonymous_4)
FNDA:1,(anonymous_5)
FNDA:1,(anonymous_6)
FNDA:2,(anonymous_7)
FNDA:1,(anonymous_8)
FNDA:1,(anonymous_9)
FNDA:1,(anonymous_10)
DA:1,3
DA:4,3
DA:6,3
DA:13,16
DA:16,2
DA:17,0
DA:22,5
DA:23,0
DA:27,2
DA:28,0
DA:32,1
DA:33,0
DA:38,1
DA:39,0
DA:44,2
DA:45,0
DA:50,1
DA:51,0
DA:56,1
DA:57,0
DA:61,1
DA:62,0
LF:22
LH:13
BRDA:4,0,0,3
BRDA:4,0,1,2
BRF:2
BRH:2
end_of_record